
> my-project@0.1.0 start
> next start

▲ Next.js 16.1.6
- Local:         http://localhost:3000
- Network:       http://100.120.59.83:3000

✓ Starting...
[CORE automático] Agendador interno iniciado para execução diária às 06:00.
✓ Ready in 277ms
prisma:error 
Invalid `prisma.$executeRawUnsafe()` invocation:


Raw query failed. Code: `42P18`. Message: `could not determine data type of parameter $1`
prisma:error 
Invalid `prisma.$executeRawUnsafe()` invocation:


Raw query failed. Code: `42P18`. Message: `could not determine data type of parameter $1`
prisma:error 
Invalid `prisma.$executeRawUnsafe()` invocation:


Raw query failed. Code: `42P18`. Message: `could not determine data type of parameter $1`
prisma:error 
Invalid `prisma.$executeRawUnsafe()` invocation:


Raw query failed. Code: `42P18`. Message: `could not determine data type of parameter $1`
prisma:error 
Invalid `prisma.$executeRawUnsafe()` invocation:


Raw query failed. Code: `42P18`. Message: `could not determine data type of parameter $1`
prisma:error 
Invalid `prisma.$executeRawUnsafe()` invocation:


Raw query failed. Code: `42P18`. Message: `could not determine data type of parameter $1`
prisma:error 
Invalid `prisma.$executeRawUnsafe()` invocation:


Raw query failed. Code: `42P18`. Message: `could not determine data type of parameter $1`
prisma:error 
Invalid `prisma.$executeRawUnsafe()` invocation:


Raw query failed. Code: `42P18`. Message: `could not determine data type of parameter $1`
prisma:error 
Invalid `prisma.$executeRawUnsafe()` invocation:


Raw query failed. Code: `42P18`. Message: `could not determine data type of parameter $1`
prisma:error 
Invalid `prisma.$executeRawUnsafe()` invocation:


Raw query failed. Code: `42P18`. Message: `could not determine data type of parameter $1`
prisma:error 
Invalid `prisma.$executeRawUnsafe()` invocation:


Raw query failed. Code: `22P02`. Message: `invalid input value for enum "CategoriaAnexo": "oficio"`
prisma:error 
Invalid `prisma.$executeRawUnsafe()` invocation:


Raw query failed. Code: `42P18`. Message: `could not determine data type of parameter $1`
prisma:error 
Invalid `prisma.$executeRawUnsafe()` invocation:


Raw query failed. Code: `42P18`. Message: `could not determine data type of parameter $1`
prisma:error 
Invalid `prisma.$executeRawUnsafe()` invocation:


Raw query failed. Code: `42P18`. Message: `could not determine data type of parameter $1`
prisma:error 
Invalid `prisma.$executeRawUnsafe()` invocation:


Raw query failed. Code: `42P18`. Message: `could not determine data type of parameter $1`
prisma:error 
Invalid `prisma.$executeRawUnsafe()` invocation:


Raw query failed. Code: `42P18`. Message: `could not determine data type of parameter $1`
[CORE automático] Execução concluída: {"ok":true,"quantidade":1,"items":[{"monitoramentoId":"2","ficha":"3419105","tabela":"core_ambulatorial","situacao":"REGULADA","situacaoProcedimento":"AGUARDANDO AGENDAMENTO","acao":"automatico"}]}
prisma:error 
Invalid `prisma.$executeRawUnsafe()` invocation:


Raw query failed. Code: `42P18`. Message: `could not determine data type of parameter $1`
prisma:error 
Invalid `prisma.$executeRawUnsafe()` invocation:


Raw query failed. Code: `42P18`. Message: `could not determine data type of parameter $1`
prisma:error 
Invalid `prisma.$executeRawUnsafe()` invocation:


Raw query failed. Code: `42P18`. Message: `could not determine data type of parameter $1`
prisma:error 
Invalid `prisma.$executeRawUnsafe()` invocation:


Raw query failed. Code: `42P18`. Message: `could not determine data type of parameter $1`
Deseja finalizar o arquivo em lotes (S/N)? 