
> my-project@0.1.0 start
> next start

▲ Next.js 16.1.6
- Local:         http://localhost:3000
- Network:       http://100.120.59.83:3000

✓ Starting...
[CORE automático] Agendador interno iniciado para execução diária às 06:00.
✓ Ready in 269ms
[CORE automático] Execução concluída: {"ok":true,"quantidade":0,"items":[]}
[CORE automático] Execução concluída: {"ok":true,"quantidade":0,"items":[]}
[CORE automático] Execução concluída: {"ok":true,"quantidade":1,"items":[{"monitoramentoId":"2","ficha":"3419105","tabela":"core_ambulatorial","situacao":"REGULADA","situacaoProcedimento":"AGUARDANDO AGENDAMENTO","acao":"automatico"}]}
prisma:error 
Invalid `prisma.$queryRawUnsafe()` invocation:


Raw query failed. Code: `42703`. Message: `column b.modulo_codigo does not exist`
prisma:error 
Invalid `prisma.$queryRawUnsafe()` invocation:


Raw query failed. Code: `42703`. Message: `column b.modulo_codigo does not exist`
prisma:error 
Invalid `prisma.$queryRawUnsafe()` invocation:


Raw query failed. Code: `42703`. Message: `column b.modulo_codigo does not exist`
prisma:error 
Invalid `prisma.$queryRawUnsafe()` invocation:


Raw query failed. Code: `42703`. Message: `column b.modulo_codigo does not exist`
prisma:error 
Invalid `prisma.$executeRawUnsafe()` invocation:


Raw query failed. Code: `42703`. Message: `column "ativo" of relation "pacientes" does not exist`
prisma:error 
Invalid `prisma.$executeRawUnsafe()` invocation:


Raw query failed. Code: `42703`. Message: `column "ativo" of relation "pacientes" does not exist`
prisma:error 
Invalid `prisma.$executeRawUnsafe()` invocation:


Raw query failed. Code: `42703`. Message: `column "ativo" of relation "pacientes" does not exist`
prisma:error 
Invalid `prisma.$executeRawUnsafe()` invocation:


Raw query failed. Code: `42703`. Message: `column "ativo" of relation "pacientes" does not exist`
prisma:error 
Invalid `prisma.$queryRawUnsafe()` invocation:


Raw query failed. Code: `42703`. Message: `column b.modulo_codigo does not exist`
prisma:error 
Invalid `prisma.$queryRawUnsafe()` invocation:


Raw query failed. Code: `42703`. Message: `column b.modulo_codigo does not exist`
Deseja finalizar o arquivo em lotes (S/N)? 