[GET /api/pacientes] erro: Error [PrismaClientKnownRequestError]: 
Invalid `prisma.$queryRawUnsafe()` invocation:


Raw query failed. Code: `42703`. Message: `column p.cep does not exist`
    at async d (C:\Sistemas\tfd-cnrac-dialise\.next\server\chunks\_52744a6f._.js:8:16)
    at async l (C:\Sistemas\tfd-cnrac-dialise\.next\server\chunks\_52744a6f._.js:120:4064) {
  code: 'P2010',
  meta: [Object],
  clientVersion: '7.8.0'
}
[GET /api/pacientes] erro: Error [PrismaClientKnownRequestError]: 
Invalid `prisma.$queryRawUnsafe()` invocation:


Raw query failed. Code: `42703`. Message: `column p.cep does not exist`
    at async d (C:\Sistemas\tfd-cnrac-dialise\.next\server\chunks\_52744a6f._.js:8:16)
    at async l (C:\Sistemas\tfd-cnrac-dialise\.next\server\chunks\_52744a6f._.js:120:4064) {
  code: 'P2010',
  meta: [Object],
  clientVersion: '7.8.0'
}
[GET /api/pacientes] erro: Error [PrismaClientKnownRequestError]: 
Invalid `prisma.$queryRawUnsafe()` invocation:


Raw query failed. Code: `42703`. Message: `column p.cep does not exist`
    at async d (C:\Sistemas\tfd-cnrac-dialise\.next\server\chunks\_52744a6f._.js:8:16)
    at async l (C:\Sistemas\tfd-cnrac-dialise\.next\server\chunks\_52744a6f._.js:120:4064) {
  code: 'P2010',
  meta: [Object],
  clientVersion: '7.8.0'
}
