DASHBOARD_SUMMARY_COUNT_ERROR Error [PrismaClientKnownRequestError]: 
Invalid `prisma.$queryRawUnsafe()` invocation:


Raw query failed. Code: `42703`. Message: `column b.modulo_codigo does not exist`
    at async s (C:\Sistemas\tfd-cnrac-dialise\.next\server\chunks\[root-of-the-server]__5bde31da._.js:1:1441)
    at async c (C:\Sistemas\tfd-cnrac-dialise\.next\server\chunks\[root-of-the-server]__5bde31da._.js:33:47)
    at async u (C:\Sistemas\tfd-cnrac-dialise\.next\server\chunks\[root-of-the-server]__5bde31da._.js:49:3649) {
  code: 'P2010',
  meta: [Object],
  clientVersion: '7.8.0'
}
DASHBOARD_SUMMARY_COUNT_ERROR Error [PrismaClientKnownRequestError]: 
Invalid `prisma.$queryRawUnsafe()` invocation:


Raw query failed. Code: `42703`. Message: `column b.modulo_codigo does not exist`
    at async s (C:\Sistemas\tfd-cnrac-dialise\.next\server\chunks\[root-of-the-server]__5bde31da._.js:1:1441)
    at async c (C:\Sistemas\tfd-cnrac-dialise\.next\server\chunks\[root-of-the-server]__5bde31da._.js:33:69)
    at async u (C:\Sistemas\tfd-cnrac-dialise\.next\server\chunks\[root-of-the-server]__5bde31da._.js:49:3649) {
  code: 'P2010',
  meta: [Object],
  clientVersion: '7.8.0'
}
