
> my-project@0.1.0 start
> next start

▲ Next.js 16.1.6
- Local:         http://localhost:3000
- Network:       http://100.120.59.83:3000

✓ Starting...
[CORE automático] Agendador interno iniciado para execução diária às 06:00.
✓ Ready in 262ms
[CORE automático] Execução concluída: {"ok":true,"quantidade":0,"items":[]}
prisma:error 
Invalid `prisma.$queryRawUnsafe()` invocation:


Raw query failed. Code: `42703`. Message: `column b.modulo_codigo does not exist`
prisma:error 
Invalid `prisma.$queryRawUnsafe()` invocation:


Raw query failed. Code: `42703`. Message: `column b.modulo_codigo does not exist`
prisma:error 
Invalid `prisma.$queryRawUnsafe()` invocation:


Raw query failed. Code: `42703`. Message: `column b.modulo_codigo does not exist`
prisma:error 
Invalid `prisma.$queryRawUnsafe()` invocation:


Raw query failed. Code: `42703`. Message: `column b.modulo_codigo does not exist`
[CORE automático] Execução concluída: {"ok":true,"quantidade":0,"items":[]}
Deseja finalizar o arquivo em lotes (S/N)? 